GAS LISTING /tmp/ccTE1TeA.s 			page 1


   1              		.file	"main.c"
   2              		.option nopic
   3              		.option norelax
   4              		.text
   5              	.Ltext0:
   6              		.cfi_sections	.debug_frame
   7              		.align	2
   8              		.globl	main
  10              	main:
  11              	.LFB0:
  12              		.file 1 "src/main.c"
   1:src/main.c    **** #include "../lib/console.h"
   2:src/main.c    **** 
   3:src/main.c    **** 
   4:src/main.c    **** void main(){
  13              		.loc 1 4 12
  14              		.cfi_startproc
  15 0000 130101FF 		addi	sp,sp,-16
  16              		.cfi_def_cfa_offset 16
  17 0004 23341100 		sd	ra,8(sp)
  18 0008 23308100 		sd	s0,0(sp)
  19              		.cfi_offset 1, -8
  20              		.cfi_offset 8, -16
  21 000c 13040101 		addi	s0,sp,16
  22              		.cfi_def_cfa 8, 0
   5:src/main.c    ****     __putc('O');
  23              		.loc 1 5 5
  24 0010 1305F004 		li	a0,79
  25 0014 97000000 		call	__putc
  25      E7800000 
  26              	.LVL0:
   6:src/main.c    ****     __putc('S');
  27              		.loc 1 6 5
  28 001c 13053005 		li	a0,83
  29 0020 97000000 		call	__putc
  29      E7800000 
  30              	.LVL1:
   7:src/main.c    ****     __putc('1');
  31              		.loc 1 7 5
  32 0028 13051003 		li	a0,49
  33 002c 97000000 		call	__putc
  33      E7800000 
  34              	.LVL2:
   8:src/main.c    ****     __putc('\n');
  35              		.loc 1 8 5
  36 0034 1305A000 		li	a0,10
  37 0038 97000000 		call	__putc
  37      E7800000 
  38              	.LVL3:
   9:src/main.c    ****     __putc('\n');
  39              		.loc 1 9 5
  40 0040 1305A000 		li	a0,10
  41 0044 97000000 		call	__putc
  41      E7800000 
  42              	.LVL4:
  43              	.L2:
  10:src/main.c    **** 
GAS LISTING /tmp/ccTE1TeA.s 			page 2


  11:src/main.c    ****     while(1){
  44              		.loc 1 11 5 discriminator 1
  45              	.LBB2:
  12:src/main.c    ****         char character = __getc();
  46              		.loc 1 12 9 discriminator 1
  47              		.loc 1 12 26 is_stmt 0 discriminator 1
  48 004c 97000000 		call	__getc
  48      E7800000 
  49              	.LVL5:
  13:src/main.c    ****         __putc(character + 30);
  50              		.loc 1 13 9 is_stmt 1 discriminator 1
  51 0054 1B05E501 		addiw	a0,a0,30
  52              	.LVL6:
  53 0058 1375F50F 		andi	a0,a0,0xff
  54 005c 97000000 		call	__putc
  54      E7800000 
  55              	.LVL7:
  56              	.LBE2:
  11:src/main.c    ****         char character = __getc();
  57              		.loc 1 11 10 discriminator 1
  58 0064 6FF09FFE 		j	.L2
  59              		.cfi_endproc
  60              	.LFE0:
  62              	.Letext0:
  63              		.file 2 "src/../lib/console.h"
GAS LISTING /tmp/ccTE1TeA.s 			page 3


DEFINED SYMBOLS
                            *ABS*:0000000000000000 main.c
     /tmp/ccTE1TeA.s:10     .text:0000000000000000 main
     /tmp/ccTE1TeA.s:14     .text:0000000000000000 .L0 
     /tmp/ccTE1TeA.s:15     .text:0000000000000000 .L0 
     /tmp/ccTE1TeA.s:16     .text:0000000000000004 .L0 
     /tmp/ccTE1TeA.s:19     .text:000000000000000c .L0 
     /tmp/ccTE1TeA.s:20     .text:000000000000000c .L0 
     /tmp/ccTE1TeA.s:22     .text:0000000000000010 .L0 
     /tmp/ccTE1TeA.s:24     .text:0000000000000010 .L0 
     /tmp/ccTE1TeA.s:28     .text:000000000000001c .L0 
     /tmp/ccTE1TeA.s:32     .text:0000000000000028 .L0 
     /tmp/ccTE1TeA.s:36     .text:0000000000000034 .L0 
     /tmp/ccTE1TeA.s:40     .text:0000000000000040 .L0 
     /tmp/ccTE1TeA.s:46     .text:000000000000004c .L0 
     /tmp/ccTE1TeA.s:47     .text:000000000000004c .L0 
     /tmp/ccTE1TeA.s:48     .text:000000000000004c .L0 
     /tmp/ccTE1TeA.s:51     .text:0000000000000054 .L0 
     /tmp/ccTE1TeA.s:58     .text:0000000000000064 .L0 
     /tmp/ccTE1TeA.s:59     .text:0000000000000068 .L0 
     /tmp/ccTE1TeA.s:64     .text:0000000000000068 .L0 
                     .debug_frame:0000000000000000 .L0 
     /tmp/ccTE1TeA.s:43     .text:000000000000004c .L2
     /tmp/ccTE1TeA.s:177    .debug_abbrev:0000000000000000 .Ldebug_abbrev0
     /tmp/ccTE1TeA.s:357    .debug_str:0000000000000046 .LASF2
     /tmp/ccTE1TeA.s:351    .debug_str:000000000000001d .LASF3
     /tmp/ccTE1TeA.s:355    .debug_str:000000000000002d .LASF4
     /tmp/ccTE1TeA.s:5      .text:0000000000000000 .Ltext0
     /tmp/ccTE1TeA.s:62     .text:0000000000000068 .Letext0
     /tmp/ccTE1TeA.s:341    .debug_line:0000000000000000 .Ldebug_line0
     /tmp/ccTE1TeA.s:349    .debug_str:0000000000000018 .LASF5
     /tmp/ccTE1TeA.s:11     .text:0000000000000000 .LFB0
     /tmp/ccTE1TeA.s:60     .text:0000000000000068 .LFE0
     /tmp/ccTE1TeA.s:45     .text:000000000000004c .LBB2
     /tmp/ccTE1TeA.s:56     .text:0000000000000064 .LBE2
     /tmp/ccTE1TeA.s:343    .debug_str:0000000000000000 .LASF6
     /tmp/ccTE1TeA.s:321    .debug_loc:0000000000000000 .LLST0
     /tmp/ccTE1TeA.s:49     .text:0000000000000054 .LVL5
     /tmp/ccTE1TeA.s:55     .text:0000000000000064 .LVL7
     /tmp/ccTE1TeA.s:26     .text:000000000000001c .LVL0
     /tmp/ccTE1TeA.s:30     .text:0000000000000028 .LVL1
     /tmp/ccTE1TeA.s:34     .text:0000000000000034 .LVL2
     /tmp/ccTE1TeA.s:38     .text:0000000000000040 .LVL3
     /tmp/ccTE1TeA.s:42     .text:000000000000004c .LVL4
     /tmp/ccTE1TeA.s:353    .debug_str:0000000000000028 .LASF7
     /tmp/ccTE1TeA.s:347    .debug_str:0000000000000011 .LASF0
     /tmp/ccTE1TeA.s:345    .debug_str:000000000000000a .LASF1
     /tmp/ccTE1TeA.s:52     .text:0000000000000058 .LVL6
     /tmp/ccTE1TeA.s:65     .debug_info:0000000000000000 .Ldebug_info0

UNDEFINED SYMBOLS
__putc
__getc
